 ******************************************************************************
 ******************************************************************************
 ***                                                                        ***
 ***                              PROGRAM deMon2k                           ***
 ***                                                                        ***
 ***                        (VERSION 3.0.6, Jan. 2012)                      ***
 ***                                                                        ***
 ***     COPYRIGHT (C) BY THE INTERNATIONAL DEMON DEVELOPERS COMMUNITY      ***
 ***                                                                        ***
 ***    AUTHORS: A.M. Koster, G. Geudtner, P. Calaminici, M.E. Casida,      ***
 ***             J. Carmona-Espindola, V.D. Dominguez, R. Flores-Moreno,    ***
 ***             G.U. Gamboa, A. Goursot, T. Heine, A. Ipatov, F. Janetzko, ***
 ***             J.M. del Campo, J.U. Reveles, J.M. Vasquez-Perez, A. Vela, ***
 ***             B. Zuniga-Gutierrez and D.R. Salahub                       ***
 ***                                                                        ***
 ******************************************************************************
 ******************************************************************************


 FIRST TIMING           DATE: WED JUN 29 11:32:31 2016  TOTAL TIME:       0.040

 INITIALIZATION                   STEP TIME:     0.052  TOTAL TIME:       0.092

 ******************************************************************************

 water

 ******************************************************************************


 *** MOLECULE DATA ***

 MOLECULAR CHARGE: 0
 MOLECULAR MULTIPLICITY: 1
 NUMBER OF ATOMS: 3
 NUMBER OF ELECTRONS: 10

 *** SCF OPTIONS ***

 SCF THEORY: RESTRICTED KOHN-SHAM (RKS)
 DIAGONALIZER: RS
 START GUESS: HUECKEL DENSITY
 SCF TOLERANCE: 0.100E-04
 POTENTIAL DENSITY: FITTED DENSITY
 NUMBER OF SCF ITERATIONS: 100
 DIIS ACCELERATION: ON
 XC-POTENTIAL: B88 - LYP
 GRID TECHNIQUE: ADAPTIVE
 GRID METHOD: DIRECT
 GRID GENERATING FUNCTION: SCF
 GRID TOLERANCE: 0.100E-04
 ATOMIC WEIGHT FUNCTION: BECKE SCREENED
 RADIAL QUADRATURE TYPE: GAUSS-CHEBYSHEV
 SCF METHODE: DIRECT
 FREEZE AUXILIARY FUNCTIONS: OFF
 NUMERICAL FIT SOLVER: DIAGONAL SVD
 SVD THRESHOLD: 0.100E-05
 SCF SCREENING: 0.100E-08
 SYMMETRY USE: OFF
 ROTATION OF THE ANGULAR GRIDS: ON
 SCF PRINTING UNTIL CYCLE 0
 SPHERICAL ORBITALS WILL BE USED

 *** PRINT OPTIONS ***

 PRINT MOLECULAR ORBITALS

 *** ACTIVATED INTERFACE PORTS ***

 FILE deMon.mol WILL BE WRITTEN


 *** GEOMETRY ***


 INPUT ORIENTATION IN ANGSTROM

  NO.  ATOM        X             Y             Z        Z-ATOM   MASS   OPTXYZ

    1  H	       3.526400      1.316900      2.070200       1     1.008       
    2  H	       4.083400      0.964100      0.629700       1     1.008       
    3  O	       3.863600      1.732500      1.221900       8    15.999       



 INPUT                            STEP TIME:     0.020  TOTAL TIME:       0.112

 *** THE INPUT ORIENTATION IS USED ***

 POINT GROUP: Cs

 GROUP ORDER: 2


 STANDARD ORIENTATION IN ANGSTROM

  NO.  ATOM        X             Y             Z        Z-ATOM   MASS

    1  H	       0.801844     -0.532842      0.000000       1     1.008
    2  H	      -0.782306     -0.547851     -0.000000       1     1.008
    3  O	      -0.001231      0.068082     -0.000000       8    15.999



 SYMMETRY ANALYSIS                STEP TIME:     0.000  TOTAL TIME:       0.112

 NUMBER OF TB ORBITALS: 7


 START GUESS                      STEP TIME:     0.064  TOTAL TIME:       0.176


 GENERAL BASIS SET: (STO-3G)

 NUMBER OF SHELLS: 5
 NUMBER OF ORBITALS: 7
 NUMBER OF PRIMITIVE GAUSSIAN EXPONENTS: 15


 GENERAL AUXIS SET: (A2)

 NUMBER OF AUXILIARY FUNCTION SETS: 15
 NUMBER OF AUXILIARY FUNCTION SHELLS: 21
 NUMBER OF AUXILIARY FUNCTION: 42


 MPI AUXILIARY FUNCTION FIT       STEP TIME:     0.000  TOTAL TIME:       0.176  

 CORE INTEGRALS                   STEP TIME:     0.000  TOTAL TIME:       0.176

 NULLSPACE                        STEP TIME:     0.000  TOTAL TIME:       0.176


 TIGHT-BINDING MO COEFFICIENTS OF CYCLE 1


                                1          2          3          4          5
                           -18.5179    -0.8096    -0.3869    -0.1997    -0.1099

                             2.0000     2.0000     2.0000     2.0000     2.0000

     1    1   H    1s        0.0052     0.1920     0.4157     0.1888     0.0000

     2    2   H    1s        0.0053     0.1960    -0.4123     0.1864    -0.0000

     3    3   O    1s       -0.9936    -0.2316    -0.0006     0.0721     0.0000
     4    3   O    2s       -0.0280     0.8131     0.0033    -0.3587    -0.0000
     5    3   O    2py       0.0022    -0.0370     0.1468    -0.8487    -0.0137
     6    3   O    2pz      -0.0004     0.0068     0.5849     0.1790     0.3635
     7    3   O    2px       0.0002    -0.0032    -0.2261    -0.0824     0.9315



                                6          7
                             0.9760     1.3028

                             0.0000     0.0000

     1    1   H    1s       -0.8629     0.7397

     2    2   H    1s        0.7741     0.8435

     3    3   O    1s       -0.0084     0.1530
     4    3   O    2s        0.0480    -0.9306
     5    3   O    2py       0.1778     0.6192
     6    3   O    2pz       0.8627    -0.0761
     7    3   O    2px      -0.3341     0.0388



 ADAPTIVE GRID GENERATION         STEP TIME:     0.032  TOTAL TIME:       0.212

 CYCLE:    1    EUPPER =      -74.623381497518    CDMIX =        0.300000000000
 CYCLE:    1    ELOWER =     -122.227603322058    SHIFT =        0.000000000000
 CYCLE:    1    EXC    =       -9.441547571452    ERCDC =        9.248290144561
 CYCLE:    1    ETOTAL =      -84.064929068970    ERROR =       47.604221824540

 CYCLE:    2    EUPPER =      -74.766105836614    CDMIX =        0.300000000000
 CYCLE:    2    ELOWER =      -74.818682471903    SHIFT =        0.000000000000
 CYCLE:    2    EXC    =       -9.402890263305    ERCDC =        0.199100058259
 CYCLE:    2    ETOTAL =      -84.168996099918    ERROR =        0.052576635290

 CYCLE:    3    EUPPER =      -74.736738920763    CDMIX =        0.300000000000
 CYCLE:    3    ELOWER =      -74.743593836925    SHIFT =        0.000000000000
 CYCLE:    3    EXC    =       -9.392604683656    ERCDC =        0.065768515789
 CYCLE:    3    ETOTAL =      -84.129343604419    ERROR =        0.006854916162

 CYCLE:    4    EUPPER =      -74.722369599003    CDMIX =        0.300000000000
 CYCLE:    4    ELOWER =      -74.723536012323    SHIFT =        0.000000000000
 CYCLE:    4    EXC    =       -9.390674599317    ERCDC =        0.027980551585
 CYCLE:    4    ETOTAL =      -84.113044198320    ERROR =        0.001166413320

 CYCLE:    5    EUPPER =      -74.716897205524    CDMIX =        0.300000000000
 CYCLE:    5    ELOWER =      -74.717183505741    SHIFT =        0.000000000000
 CYCLE:    5    EXC    =       -9.395648570315    EDIIS =        0.014760799771
 CYCLE:    5    ETOTAL =      -84.112545775839    ERROR =        0.000286300217

 CYCLE:    6    EUPPER =      -74.714490875699    CDMIX =        0.300000000000
 CYCLE:    6    ELOWER =      -74.714492632893    SHIFT =        0.000000000000
 CYCLE:    6    EXC    =       -9.395013135362    EDIIS =        0.001053665595
 CYCLE:    6    ETOTAL =      -84.109504011061    ERROR =        0.000001757194

 CYCLE:    7    EUPPER =      -74.714103862966    CDMIX =        0.100000000000
 CYCLE:    7    ELOWER =      -74.714103866071    SHIFT =        0.000000000000
 CYCLE:    7    EXC    =       -9.395036848758    ERCDC =        0.000056782965
 CYCLE:    7    ETOTAL =      -84.109140711724    ERROR =        0.000000003105

 *** SCF CONVERGED ***



 MO COEFFICIENTS OF CYCLE 7


                                1          2          3          4          5
                           -18.4882    -0.8210    -0.3715    -0.1627    -0.0663

                             2.0000     2.0000     2.0000     2.0000     2.0000

     1    1   H    1s       -0.0068     0.1729     0.4491    -0.2948     0.0000

     2    2   H    1s       -0.0070     0.1770    -0.4464    -0.2933     0.0000

     3    3   O    1s        0.9934    -0.2271    -0.0011    -0.1265     0.0000
     4    3   O    2s        0.0295     0.8038     0.0057     0.6164    -0.0000
     5    3   O    2py      -0.0043    -0.1904     0.1364     0.7197    -0.0138
     6    3   O    2pz       0.0008     0.0375     0.5491    -0.1516     0.3636
     7    3   O    2px      -0.0004    -0.0174    -0.2123     0.0699     0.9315



                                6          7
                             0.2783     0.3886

                             0.0000     0.0000

     1    1   H    1s       -0.7878    -0.7733

     2    2   H    1s       -0.7400     0.8304

     3    3   O    1s       -0.1233     0.0048
     4    3   O    2s        0.7943    -0.0336
     5    3   O    2py      -0.7251     0.2445
     6    3   O    2pz       0.1827     0.8747
     7    3   O    2px      -0.0820    -0.3378



 RANDOMIZED SCF GRID GENERATED IN 3 CYCLES


 ELECTRONIC CORE ENERGY      =       -121.657215099
 ELECTRONIC COULOMB ENERGY   =         46.942951286
 ELECTRONIC HARTREE ENERGY   =        -74.714263814

 EXCHANGE ENERGY             =         -9.058934180
 CORRELATION ENERGY          =         -0.335704282
 EXCHANGE-CORRELATION ENERGY =         -9.394638462

 ELECTRONIC SCF ENERGY       =        -84.108902276
 NUCLEAR-REPULSION ENERGY    =          8.810644145
 TOTAL ENERGY                =        -75.298258131


 SCF ITERATION                    STEP TIME:     0.228  TOTAL TIME:       0.436

 TIMING STATISTICS (SECONDS)


 TIMER ENTRY                    NUMBER OF CALLS   CUMUL. CPU TIME   CONTRIBUT.

 INITIALIZATION                              1             0.052        11.9 %
 INPUT                                       1             0.020         4.6 %
 DIAGONALIZATION                            18             0.000         0.0 %
 SYMMETRY ANALYSIS                           2             0.000         0.0 %
 START GUESS                                 1             0.064        14.7 %
 MATRIX MULTIPLICATION                      23             0.004         0.9 %
 MPI MATRIX MULTIPLICATION                  53             0.000         0.0 %
                         ON NODE             1             0.000
           AVERAGE PER PROCESSOR                           0.000
 MPI DIAGONALIZATION                        14             0.000         0.0 %
                         ON NODE             1             0.000
           AVERAGE PER PROCESSOR                           0.000
 CORE INTEGRALS                              1             0.000         0.0 %
 ORTHOGONALIZATION MATRIX                    1             0.000         0.0 %
 MPI AUXILIARY FUNCTION FIT                 21             0.008         1.8 %
                         ON NODE             1             0.004
           AVERAGE PER PROCESSOR                           0.006
 CORE HAMILTONIAN                            1             0.000         0.0 %
 SCF ITERATION                               1             0.228        52.3 %
 NULLSPACE                                   1             0.000         0.0 %
 MPI J CALCULATION                          10             0.000         0.0 %
                         ON NODE             1             0.000
           AVERAGE PER PROCESSOR                           0.000
 GRID INITIALIZATION                         2             0.000         0.0 %
 ADAPTIVE GRID GENERATION                    2             0.088        20.2 %
 MPI XC POTENTIAL                           10             0.164        37.6 %
                         ON NODE             1             0.164
           AVERAGE PER PROCESSOR                           0.164
 MPI ERI CALCULATION                        10             0.000         0.0 %
                         ON NODE             1             0.000
           AVERAGE PER PROCESSOR                           0.000

 FINAL TIMING           DATE: WED JUN 29 11:32:32 2016  TOTAL TIME:       0.436
