0.00024
0.14339
0.26264
-0.14626
0.00000
0.00308
0.00500
0.16558
-0.12563
0.00000
0.00021
0.14700
-0.26307
-0.14584
0.00000
0.00316
0.00495
-0.16442
-0.12398
0.00000
0.99492
-0.20923
-0.00088
-0.09357
0.00000
0.02894
0.46498
0.00161
0.20475
0.00000
-0.00020
-0.01397
-0.18026
0.05089
0.60343
-0.00209
-0.15243
0.11646
0.52415
-0.00889
0.00043
0.03004
0.46626
-0.11061
0.23551
-0.01394
0.45343
0.00453
0.38972
0.00000
0.00026
-0.00688
-0.08171
0.03470
0.46880
0.00276
-0.07173
0.05182
0.35567
-0.00691
-0.00056
0.01492
0.21132
-0.07547
0.18296
-0.12527
-0.12455
1.02784
0.68149
0.00001
-0.89951
-1.15439
-0.90196
-0.58596
0.00000
-0.11856
0.12447
-0.86981
0.87944
0.00001
-0.87236
1.19511
0.75555
-0.73717
-0.00001
-0.08733
0.00164
0.00356
0.03703
0.00000
0.16450
-0.00280
-0.02492
-0.22301
0.00000
-0.03397
-0.15886
0.09810
0.05332
-0.89168
-0.31456
0.10618
0.00075
0.64468
0.01315
0.07515
0.41104
-0.25133
-0.11225
-0.34800
1.00015
-0.02641
0.04830
0.35640
0.00000
-0.04582
-0.25132
0.09205
-0.04893
0.96925
-0.42871
0.16939
-0.09875
-0.34174
-0.01429
0.10121
0.65034
-0.23959
0.11245
0.37828
0.54150
-0.14220
-0.46499
-0.14199
-0.79205
-0.56579
0.55298
0.12179
-0.46350
-0.12403
0.81027
-0.58545
0.07173
-0.00079
0.05680
-0.46847
0.00805
-1.65113
-0.06291
0.33439
0.01949
-0.67696
-0.21029
0.19513
0.13563
-0.86473
-0.04256
0.16626
-0.01436
2.64461
0.09919
-0.59540
-0.07836
1.11152
0.37386
-0.82992
-0.21219
1.53970
0.16943
